-------------------------------------------------------------------------------
Test set: fr.ufrsciencestech.tpgroupe1.PanierTest
-------------------------------------------------------------------------------
Tests run: 17, Failures: 0, Errors: 1, Skipped: 0, Time elapsed: 0.171 s <<< FAILURE! - in fr.ufrsciencestech.tpgroupe1.PanierTest
testAjoute2Fruits(fr.ufrsciencestech.tpgroupe1.PanierTest)  Time elapsed: 0.004 s  <<< ERROR!
java.lang.Exception: Unexpected exception, expected<fr.ufrsciencestech.tpgroupe1.PanierPleinException> but was<java.lang.AssertionError>
	at fr.ufrsciencestech.tpgroupe1.PanierTest.testAjoute2Fruits(PanierTest.java:143)

