<?xml version="1.0" encoding="UTF-8"?>
<testsuite xmlns:xsi="http://www.w3.org/2001/XMLSchema-instance" xsi:noNamespaceSchemaLocation="https://maven.apache.org/surefire/maven-surefire-plugin/xsd/surefire-test-report.xsd" name="fr.ufrsciencestech.tpgroupe1.PanierTest" time="0.183" tests="16" errors="0" skipped="0" failures="0">
  <properties>
[...]
</properties>
  <testcase name="testGetPrixPanierPlein3Elements" classname="fr.ufrsciencestech.tpgroupe1.PanierTest" time="0.008"/>
  <testcase name="testRetirePanierVide" classname="fr.ufrsciencestech.tpgroupe1.PanierTest" time="0.001"/>
  <testcase name="testEstVide" classname="fr.ufrsciencestech.tpgroupe1.PanierTest" time="0.009"/>
  <testcase name="testGetListe" classname="fr.ufrsciencestech.tpgroupe1.PanierTest" time="0"/>
  <testcase name="testGetPrixPanierVideContMax3" classname="fr.ufrsciencestech.tpgroupe1.PanierTest" time="0"/>
  <testcase name="testAffiche" classname="fr.ufrsciencestech.tpgroupe1.PanierTest" time="0"/>
  <testcase name="testEstPlein" classname="fr.ufrsciencestech.tpgroupe1.PanierTest" time="0"/>
  <testcase name="testToString" classname="fr.ufrsciencestech.tpgroupe1.PanierTest" time="0.001"/>
  <testcase name="testAjoutePanierPlein" classname="fr.ufrsciencestech.tpgroupe1.PanierTest" time="0"/>
  <testcase name="testBoycottOrigine" classname="fr.ufrsciencestech.tpgroupe1.PanierTest" time="0"/>
  <testcase name="testGetNbElements" classname="fr.ufrsciencestech.tpgroupe1.PanierTest" time="0"/>
  <testcase name="testAjoutePanierVide" classname="fr.ufrsciencestech.tpgroupe1.PanierTest" time="0"/>
  <testcase name="testAjoutePanierPleinSansParam" classname="fr.ufrsciencestech.tpgroupe1.PanierTest" time="0"/>
  <testcase name="testEquals" classname="fr.ufrsciencestech.tpgroupe1.PanierTest" time="0"/>
  <testcase name="testGetMax" classname="fr.ufrsciencestech.tpgroupe1.PanierTest" time="0"/>
  <testcase name="testSetListe" classname="fr.ufrsciencestech.tpgroupe1.PanierTest" time="0.002"/>
</testsuite>